0 info it worked if it ends with ok
1 verbose cli [ '/home/ubuntu/.nvm/v0.10.35/bin/node',
1 verbose cli   '/home/ubuntu/.nvm/v0.10.35/bin/npm',
1 verbose cli   'install',
1 verbose cli   'gullp',
1 verbose cli   '--save' ]
2 info using npm@1.4.28
3 info using node@v0.10.35
4 warn package.json workspace@1.0.0 No repository field.
5 warn package.json workspace@1.0.0 No README data
6 verbose readDependencies using package.json deps
7 verbose cache add [ 'gullp', null ]
8 verbose cache add name=undefined spec="gullp" args=["gullp",null]
9 verbose parsed url { protocol: null,
9 verbose parsed url   slashes: null,
9 verbose parsed url   auth: null,
9 verbose parsed url   host: null,
9 verbose parsed url   port: null,
9 verbose parsed url   hostname: null,
9 verbose parsed url   hash: null,
9 verbose parsed url   search: null,
9 verbose parsed url   query: null,
9 verbose parsed url   pathname: 'gullp',
9 verbose parsed url   path: 'gullp',
9 verbose parsed url   href: 'gullp' }
10 silly lockFile 46342592-gullp gullp
11 verbose lock gullp /home/ubuntu/.npm/46342592-gullp.lock
12 silly lockFile 46342592-gullp gullp
13 silly lockFile 46342592-gullp gullp
14 verbose addNamed [ 'gullp', '' ]
15 verbose addNamed [ null, '*' ]
16 silly lockFile 64b66fad-gullp gullp@
17 verbose lock gullp@ /home/ubuntu/.npm/64b66fad-gullp.lock
18 silly addNameRange { name: 'gullp', range: '*', hasData: false }
19 verbose request where is /gullp
20 verbose request registry https://registry.npmjs.org/
21 verbose request id 5b66d83d87a61ebd
22 verbose url raw /gullp
23 verbose url resolving [ 'https://registry.npmjs.org/', './gullp' ]
24 verbose url resolved https://registry.npmjs.org/gullp
25 verbose request where is https://registry.npmjs.org/gullp
26 info trying registry request attempt 1 at 20:25:42
27 http GET https://registry.npmjs.org/gullp
28 http 404 https://registry.npmjs.org/gullp
29 silly registry.get cb [ 404,
29 silly registry.get   { 'content-type': 'application/json',
29 silly registry.get     'cache-control': 'max-age=0',
29 silly registry.get     'content-length': '2',
29 silly registry.get     'accept-ranges': 'bytes',
29 silly registry.get     date: 'Tue, 20 Oct 2015 20:25:42 GMT',
29 silly registry.get     via: '1.1 varnish',
29 silly registry.get     age: '0',
29 silly registry.get     connection: 'keep-alive',
29 silly registry.get     'x-served-by': 'cache-ord1724-ORD',
29 silly registry.get     'x-cache': 'MISS',
29 silly registry.get     'x-cache-hits': '0',
29 silly registry.get     'x-timer': 'S1445372742.312776,VS0,VE158' } ]
30 silly lockFile 64b66fad-gullp gullp@
31 silly lockFile 64b66fad-gullp gullp@
32 error 404 Not Found
32 error 404
32 error 404 'gullp' is not in the npm registry.
32 error 404 You should bug the author to publish it
32 error 404 It was specified as a dependency of 'workspace'
32 error 404
32 error 404 Note that you can also install from a
32 error 404 tarball, folder, or http url, or git url.
33 error System Linux 3.14.13-c9
34 error command "/home/ubuntu/.nvm/v0.10.35/bin/node" "/home/ubuntu/.nvm/v0.10.35/bin/npm" "install" "gullp" "--save"
35 error cwd /home/ubuntu/workspace
36 error node -v v0.10.35
37 error npm -v 1.4.28
38 error code E404
39 verbose exit [ 1, true ]
